[0.420s] Invoking command in '/home/leekai/drone_ws/src/mavros_link': PYTHONPATH=/home/leekai/drone_ws/install/mavros_link/lib/python3.8/site-packages:${PYTHONPATH} /usr/bin/python3 setup.py egg_info --egg-base ../../build/mavros_link build --build-base /home/leekai/drone_ws/build/mavros_link/build install --prefix /home/leekai/drone_ws/install/mavros_link --record /home/leekai/drone_ws/build/mavros_link/install.log --single-version-externally-managed
[0.566s] running egg_info
[0.567s] writing ../../build/mavros_link/mavros_link.egg-info/PKG-INFO
[0.567s] writing dependency_links to ../../build/mavros_link/mavros_link.egg-info/dependency_links.txt
[0.567s] writing entry points to ../../build/mavros_link/mavros_link.egg-info/entry_points.txt
[0.567s] writing requirements to ../../build/mavros_link/mavros_link.egg-info/requires.txt
[0.567s] writing top-level names to ../../build/mavros_link/mavros_link.egg-info/top_level.txt
[0.591s] reading manifest file '../../build/mavros_link/mavros_link.egg-info/SOURCES.txt'
[0.592s] writing manifest file '../../build/mavros_link/mavros_link.egg-info/SOURCES.txt'
[0.592s] running build
[0.592s] running build_py
[0.592s] running install
[0.592s] running install_lib
[0.593s] running install_data
[0.594s] running install_egg_info
[0.595s] removing '/home/leekai/drone_ws/install/mavros_link/lib/python3.8/site-packages/mavros_link-0.0.0-py3.8.egg-info' (and everything under it)
[0.595s] Copying ../../build/mavros_link/mavros_link.egg-info to /home/leekai/drone_ws/install/mavros_link/lib/python3.8/site-packages/mavros_link-0.0.0-py3.8.egg-info
[0.595s] running install_scripts
[0.607s] writing list of installed files to '/home/leekai/drone_ws/build/mavros_link/install.log'
[0.620s] Invoked command in '/home/leekai/drone_ws/src/mavros_link' returned '0': PYTHONPATH=/home/leekai/drone_ws/install/mavros_link/lib/python3.8/site-packages:${PYTHONPATH} /usr/bin/python3 setup.py egg_info --egg-base ../../build/mavros_link build --build-base /home/leekai/drone_ws/build/mavros_link/build install --prefix /home/leekai/drone_ws/install/mavros_link --record /home/leekai/drone_ws/build/mavros_link/install.log --single-version-externally-managed
