Determining if the pthread_create exist failed with the following output:
Change Dir: /home/leekai/drone_ws/build/potential_planner/CMakeFiles/CMakeTmp

Run Build Command:"/usr/bin/make" "cmTC_f403f/fast"
/usr/bin/make -f CMakeFiles/cmTC_f403f.dir/build.make CMakeFiles/cmTC_f403f.dir/build
make[1]: Entering directory '/home/leekai/drone_ws/build/potential_planner/CMakeFiles/CMakeTmp'
Building C object CMakeFiles/cmTC_f403f.dir/CheckSymbolExists.c.o
/usr/bin/cc    -o CMakeFiles/cmTC_f403f.dir/CheckSymbolExists.c.o   -c /home/leekai/drone_ws/build/potential_planner/CMakeFiles/CMakeTmp/CheckSymbolExists.c
Linking C executable cmTC_f403f
/usr/bin/cmake -E cmake_link_script CMakeFiles/cmTC_f403f.dir/link.txt --verbose=1
/usr/bin/cc      -rdynamic CMakeFiles/cmTC_f403f.dir/CheckSymbolExists.c.o  -o cmTC_f403f 
CMakeFiles/cmTC_f403f.dir/CheckSymbolExists.c.o: In function `main':
CheckSymbolExists.c:(.text+0x1b): undefined reference to `pthread_create'
collect2: error: ld returned 1 exit status
CMakeFiles/cmTC_f403f.dir/build.make:97: recipe for target 'cmTC_f403f' failed
make[1]: *** [cmTC_f403f] Error 1
make[1]: Leaving directory '/home/leekai/drone_ws/build/potential_planner/CMakeFiles/CMakeTmp'
Makefile:126: recipe for target 'cmTC_f403f/fast' failed
make: *** [cmTC_f403f/fast] Error 2

File /home/leekai/drone_ws/build/potential_planner/CMakeFiles/CMakeTmp/CheckSymbolExists.c:
/* */
#include <pthread.h>

int main(int argc, char** argv)
{
  (void)argv;
#ifndef pthread_create
  return ((int*)(&pthread_create))[argc];
#else
  (void)argc;
  return 0;
#endif
}

Determining if the function pthread_create exists in the pthreads failed with the following output:
Change Dir: /home/leekai/drone_ws/build/potential_planner/CMakeFiles/CMakeTmp

Run Build Command:"/usr/bin/make" "cmTC_66870/fast"
/usr/bin/make -f CMakeFiles/cmTC_66870.dir/build.make CMakeFiles/cmTC_66870.dir/build
make[1]: Entering directory '/home/leekai/drone_ws/build/potential_planner/CMakeFiles/CMakeTmp'
Building C object CMakeFiles/cmTC_66870.dir/CheckFunctionExists.c.o
/usr/bin/cc   -DCHECK_FUNCTION_EXISTS=pthread_create   -o CMakeFiles/cmTC_66870.dir/CheckFunctionExists.c.o   -c /usr/share/cmake-3.10/Modules/CheckFunctionExists.c
Linking C executable cmTC_66870
/usr/bin/cmake -E cmake_link_script CMakeFiles/cmTC_66870.dir/link.txt --verbose=1
/usr/bin/cc  -DCHECK_FUNCTION_EXISTS=pthread_create    -rdynamic CMakeFiles/cmTC_66870.dir/CheckFunctionExists.c.o  -o cmTC_66870 -lpthreads 
/usr/bin/ld: cannot find -lpthreads
collect2: error: ld returned 1 exit status
CMakeFiles/cmTC_66870.dir/build.make:97: recipe for target 'cmTC_66870' failed
make[1]: *** [cmTC_66870] Error 1
make[1]: Leaving directory '/home/leekai/drone_ws/build/potential_planner/CMakeFiles/CMakeTmp'
Makefile:126: recipe for target 'cmTC_66870/fast' failed
make: *** [cmTC_66870/fast] Error 2


