running egg_info
writing ../../build/mavros_link/mavros_link.egg-info/PKG-INFO
writing dependency_links to ../../build/mavros_link/mavros_link.egg-info/dependency_links.txt
writing entry points to ../../build/mavros_link/mavros_link.egg-info/entry_points.txt
writing requirements to ../../build/mavros_link/mavros_link.egg-info/requires.txt
writing top-level names to ../../build/mavros_link/mavros_link.egg-info/top_level.txt
reading manifest file '../../build/mavros_link/mavros_link.egg-info/SOURCES.txt'
writing manifest file '../../build/mavros_link/mavros_link.egg-info/SOURCES.txt'
running build
running build_py
copying mavros_link/__init__.py -> /home/leekai/drone_ws/build/mavros_link/build/lib/mavros_link
running install
running install_lib
copying /home/leekai/drone_ws/build/mavros_link/build/lib/mavros_link/__init__.py -> /home/leekai/drone_ws/install/mavros_link/lib/python3.8/site-packages/mavros_link
byte-compiling /home/leekai/drone_ws/install/mavros_link/lib/python3.8/site-packages/mavros_link/__init__.py to __init__.cpython-38.pyc
running install_data
copying resource/mavros_link -> /home/leekai/drone_ws/install/mavros_link/share/ament_index/resource_index/packages
creating /home/leekai/drone_ws/install/mavros_link/share/mavros_link
copying package.xml -> /home/leekai/drone_ws/install/mavros_link/share/mavros_link
running install_egg_info
Copying ../../build/mavros_link/mavros_link.egg-info to /home/leekai/drone_ws/install/mavros_link/lib/python3.8/site-packages/mavros_link-0.0.0-py3.8.egg-info
running install_scripts
writing list of installed files to '/home/leekai/drone_ws/build/mavros_link/install.log'
