[0.405s] Invoking command in '/home/leekai/drone_ws/src/mavros_link': PYTHONPATH=/home/leekai/drone_ws/install/mavros_link/lib/python3.8/site-packages:${PYTHONPATH} /usr/bin/python3 setup.py egg_info --egg-base ../../build/mavros_link build --build-base /home/leekai/drone_ws/build/mavros_link/build install --prefix /home/leekai/drone_ws/install/mavros_link --record /home/leekai/drone_ws/build/mavros_link/install.log --single-version-externally-managed
[0.552s] running egg_info
[0.552s] writing ../../build/mavros_link/mavros_link.egg-info/PKG-INFO
[0.552s] writing dependency_links to ../../build/mavros_link/mavros_link.egg-info/dependency_links.txt
[0.553s] writing entry points to ../../build/mavros_link/mavros_link.egg-info/entry_points.txt
[0.553s] writing requirements to ../../build/mavros_link/mavros_link.egg-info/requires.txt
[0.553s] writing top-level names to ../../build/mavros_link/mavros_link.egg-info/top_level.txt
[0.576s] reading manifest file '../../build/mavros_link/mavros_link.egg-info/SOURCES.txt'
[0.577s] writing manifest file '../../build/mavros_link/mavros_link.egg-info/SOURCES.txt'
[0.577s] running build
[0.577s] running build_py
[0.577s] copying mavros_link/__init__.py -> /home/leekai/drone_ws/build/mavros_link/build/lib/mavros_link
[0.577s] running install
[0.578s] running install_lib
[0.578s] copying /home/leekai/drone_ws/build/mavros_link/build/lib/mavros_link/__init__.py -> /home/leekai/drone_ws/install/mavros_link/lib/python3.8/site-packages/mavros_link
[0.579s] byte-compiling /home/leekai/drone_ws/install/mavros_link/lib/python3.8/site-packages/mavros_link/__init__.py to __init__.cpython-38.pyc
[0.579s] running install_data
[0.580s] copying resource/mavros_link -> /home/leekai/drone_ws/install/mavros_link/share/ament_index/resource_index/packages
[0.580s] creating /home/leekai/drone_ws/install/mavros_link/share/mavros_link
[0.580s] copying package.xml -> /home/leekai/drone_ws/install/mavros_link/share/mavros_link
[0.580s] running install_egg_info
[0.581s] Copying ../../build/mavros_link/mavros_link.egg-info to /home/leekai/drone_ws/install/mavros_link/lib/python3.8/site-packages/mavros_link-0.0.0-py3.8.egg-info
[0.581s] running install_scripts
[0.593s] writing list of installed files to '/home/leekai/drone_ws/build/mavros_link/install.log'
[0.606s] Invoked command in '/home/leekai/drone_ws/src/mavros_link' returned '0': PYTHONPATH=/home/leekai/drone_ws/install/mavros_link/lib/python3.8/site-packages:${PYTHONPATH} /usr/bin/python3 setup.py egg_info --egg-base ../../build/mavros_link build --build-base /home/leekai/drone_ws/build/mavros_link/build install --prefix /home/leekai/drone_ws/install/mavros_link --record /home/leekai/drone_ws/build/mavros_link/install.log --single-version-externally-managed
