[0.088s] DEBUG:colcon:Command line arguments: ['/usr/bin/colcon', 'build']
[0.088s] DEBUG:colcon:Parsed command line arguments: Namespace(allow_overriding=[], ament_cmake_args=None, base_paths=['.'], build_base='build', catkin_cmake_args=None, catkin_skip_building_tests=False, cmake_args=None, cmake_clean_cache=False, cmake_clean_first=False, cmake_force_configure=False, cmake_target=None, cmake_target_skip_unavailable=False, continue_on_error=False, event_handlers=None, executor='parallel', ignore_user_meta=False, install_base='install', log_base=None, log_level=None, main=<bound method BuildVerb.main of <colcon_core.verb.build.BuildVerb object at 0x7fda0cd81220>>, merge_install=False, metas=['./colcon.meta'], packages_above=None, packages_above_and_dependencies=None, packages_above_depth=None, packages_end=None, packages_ignore=None, packages_ignore_regex=None, packages_select=None, packages_select_build_failed=False, packages_select_by_dep=None, packages_select_regex=None, packages_select_test_failures=False, packages_skip=None, packages_skip_build_finished=False, packages_skip_by_dep=None, packages_skip_regex=None, packages_skip_test_passed=False, packages_skip_up_to=None, packages_start=None, packages_up_to=None, packages_up_to_regex=None, parallel_workers=8, paths=None, symlink_install=False, test_result_base=None, verb_extension=<colcon_core.verb.build.BuildVerb object at 0x7fda0cd81220>, verb_name='build', verb_parser=<colcon_defaults.argument_parser.defaults.DefaultArgumentsDecorator object at 0x7fda0cd81760>)
[0.103s] Level 1:colcon.colcon_core.package_discovery:discover_packages(colcon_meta) check parameters
[0.104s] Level 1:colcon.colcon_core.package_discovery:discover_packages(recursive) check parameters
[0.104s] Level 1:colcon.colcon_core.package_discovery:discover_packages(ignore) check parameters
[0.104s] Level 1:colcon.colcon_core.package_discovery:discover_packages(path) check parameters
[0.104s] Level 1:colcon.colcon_core.package_discovery:discover_packages(colcon_meta) discover
[0.104s] Level 1:colcon.colcon_core.package_discovery:discover_packages(recursive) discover
[0.104s] INFO:colcon.colcon_core.package_discovery:Crawling recursively for packages in '/home/leekai/drone_ws'
[0.104s] Level 1:colcon.colcon_core.package_identification:_identify(.) by extensions ['ignore', 'ignore_ament_install']
[0.104s] Level 1:colcon.colcon_core.package_identification:_identify(.) by extension 'ignore'
[0.104s] Level 1:colcon.colcon_core.package_identification:_identify(.) by extension 'ignore_ament_install'
[0.104s] Level 1:colcon.colcon_core.package_identification:_identify(.) by extensions ['colcon_pkg']
[0.104s] Level 1:colcon.colcon_core.package_identification:_identify(.) by extension 'colcon_pkg'
[0.104s] Level 1:colcon.colcon_core.package_identification:_identify(.) by extensions ['colcon_meta']
[0.104s] Level 1:colcon.colcon_core.package_identification:_identify(.) by extension 'colcon_meta'
[0.104s] Level 1:colcon.colcon_core.package_identification:_identify(.) by extensions ['ros']
[0.104s] Level 1:colcon.colcon_core.package_identification:_identify(.) by extension 'ros'
[0.111s] Level 1:colcon.colcon_core.package_identification:_identify(.) by extensions ['cmake', 'python']
[0.111s] Level 1:colcon.colcon_core.package_identification:_identify(.) by extension 'cmake'
[0.111s] Level 1:colcon.colcon_core.package_identification:_identify(.) by extension 'python'
[0.111s] Level 1:colcon.colcon_core.package_identification:_identify(.) by extensions ['python_setup_py']
[0.112s] Level 1:colcon.colcon_core.package_identification:_identify(.) by extension 'python_setup_py'
[0.112s] Level 1:colcon.colcon_core.package_identification:_identify(build) by extensions ['ignore', 'ignore_ament_install']
[0.112s] Level 1:colcon.colcon_core.package_identification:_identify(build) by extension 'ignore'
[0.112s] Level 1:colcon.colcon_core.package_identification:_identify(build) ignored
[0.112s] Level 1:colcon.colcon_core.package_identification:_identify(install) by extensions ['ignore', 'ignore_ament_install']
[0.112s] Level 1:colcon.colcon_core.package_identification:_identify(install) by extension 'ignore'
[0.112s] Level 1:colcon.colcon_core.package_identification:_identify(install) ignored
[0.112s] Level 1:colcon.colcon_core.package_identification:_identify(log) by extensions ['ignore', 'ignore_ament_install']
[0.112s] Level 1:colcon.colcon_core.package_identification:_identify(log) by extension 'ignore'
[0.112s] Level 1:colcon.colcon_core.package_identification:_identify(log) ignored
[0.112s] Level 1:colcon.colcon_core.package_identification:_identify(src) by extensions ['ignore', 'ignore_ament_install']
[0.112s] Level 1:colcon.colcon_core.package_identification:_identify(src) by extension 'ignore'
[0.112s] Level 1:colcon.colcon_core.package_identification:_identify(src) by extension 'ignore_ament_install'
[0.112s] Level 1:colcon.colcon_core.package_identification:_identify(src) by extensions ['colcon_pkg']
[0.112s] Level 1:colcon.colcon_core.package_identification:_identify(src) by extension 'colcon_pkg'
[0.112s] Level 1:colcon.colcon_core.package_identification:_identify(src) by extensions ['colcon_meta']
[0.112s] Level 1:colcon.colcon_core.package_identification:_identify(src) by extension 'colcon_meta'
[0.112s] Level 1:colcon.colcon_core.package_identification:_identify(src) by extensions ['ros']
[0.112s] Level 1:colcon.colcon_core.package_identification:_identify(src) by extension 'ros'
[0.113s] Level 1:colcon.colcon_core.package_identification:_identify(src) by extensions ['cmake', 'python']
[0.113s] Level 1:colcon.colcon_core.package_identification:_identify(src) by extension 'cmake'
[0.113s] Level 1:colcon.colcon_core.package_identification:_identify(src) by extension 'python'
[0.113s] Level 1:colcon.colcon_core.package_identification:_identify(src) by extensions ['python_setup_py']
[0.113s] Level 1:colcon.colcon_core.package_identification:_identify(src) by extension 'python_setup_py'
[0.113s] Level 1:colcon.colcon_core.package_identification:_identify(src/astar_planner) by extensions ['ignore', 'ignore_ament_install']
[0.113s] Level 1:colcon.colcon_core.package_identification:_identify(src/astar_planner) by extension 'ignore'
[0.113s] Level 1:colcon.colcon_core.package_identification:_identify(src/astar_planner) ignored
[0.113s] Level 1:colcon.colcon_core.package_identification:_identify(src/drone_essentials) by extensions ['ignore', 'ignore_ament_install']
[0.113s] Level 1:colcon.colcon_core.package_identification:_identify(src/drone_essentials) by extension 'ignore'
[0.113s] Level 1:colcon.colcon_core.package_identification:_identify(src/drone_essentials) ignored
[0.113s] Level 1:colcon.colcon_core.package_identification:_identify(src/drone_msgs) by extensions ['ignore', 'ignore_ament_install']
[0.113s] Level 1:colcon.colcon_core.package_identification:_identify(src/drone_msgs) by extension 'ignore'
[0.113s] Level 1:colcon.colcon_core.package_identification:_identify(src/drone_msgs) ignored
[0.113s] Level 1:colcon.colcon_core.package_identification:_identify(src/drone_reg) by extensions ['ignore', 'ignore_ament_install']
[0.113s] Level 1:colcon.colcon_core.package_identification:_identify(src/drone_reg) by extension 'ignore'
[0.113s] Level 1:colcon.colcon_core.package_identification:_identify(src/drone_reg) ignored
[0.113s] Level 1:colcon.colcon_core.package_identification:_identify(src/drone_statistics) by extensions ['ignore', 'ignore_ament_install']
[0.113s] Level 1:colcon.colcon_core.package_identification:_identify(src/drone_statistics) by extension 'ignore'
[0.113s] Level 1:colcon.colcon_core.package_identification:_identify(src/drone_statistics) ignored
[0.114s] Level 1:colcon.colcon_core.package_identification:_identify(src/interactive_goal) by extensions ['ignore', 'ignore_ament_install']
[0.114s] Level 1:colcon.colcon_core.package_identification:_identify(src/interactive_goal) by extension 'ignore'
[0.114s] Level 1:colcon.colcon_core.package_identification:_identify(src/interactive_goal) ignored
[0.114s] Level 1:colcon.colcon_core.package_identification:_identify(src/mavros_link) by extensions ['ignore', 'ignore_ament_install']
[0.114s] Level 1:colcon.colcon_core.package_identification:_identify(src/mavros_link) by extension 'ignore'
[0.114s] Level 1:colcon.colcon_core.package_identification:_identify(src/mavros_link) by extension 'ignore_ament_install'
[0.114s] Level 1:colcon.colcon_core.package_identification:_identify(src/mavros_link) by extensions ['colcon_pkg']
[0.114s] Level 1:colcon.colcon_core.package_identification:_identify(src/mavros_link) by extension 'colcon_pkg'
[0.114s] Level 1:colcon.colcon_core.package_identification:_identify(src/mavros_link) by extensions ['colcon_meta']
[0.114s] Level 1:colcon.colcon_core.package_identification:_identify(src/mavros_link) by extension 'colcon_meta'
[0.114s] Level 1:colcon.colcon_core.package_identification:_identify(src/mavros_link) by extensions ['ros']
[0.114s] Level 1:colcon.colcon_core.package_identification:_identify(src/mavros_link) by extension 'ros'
[0.116s] DEBUG:colcon.colcon_core.package_identification:Found ROS schema reference in package manifest in 'src/mavros_link'
[0.116s] WARNING:colcon.colcon_core.package_identification:Failed to parse ROS package manifest in 'src/mavros_link': Error(s) in package 'src/mavros_link/package.xml':
Invalid email "Leekai" for person "leekai"
[0.116s] Level 1:colcon.colcon_core.package_identification:_identify(src/mavros_link) by extensions ['cmake', 'python']
[0.116s] Level 1:colcon.colcon_core.package_identification:_identify(src/mavros_link) by extension 'cmake'
[0.116s] Level 1:colcon.colcon_core.package_identification:_identify(src/mavros_link) by extension 'python'
[0.116s] DEBUG:colcon.colcon_core.package_identification:Python package in 'src/mavros_link' passes arguments to the setup() function which requires a different identification extension than 'python'
[0.116s] Level 1:colcon.colcon_core.package_identification:_identify(src/mavros_link) by extensions ['python_setup_py']
[0.116s] Level 1:colcon.colcon_core.package_identification:_identify(src/mavros_link) by extension 'python_setup_py'
[0.262s] DEBUG:colcon.colcon_core.package_identification:Package 'src/mavros_link' with type 'python' and name 'mavros_link'
[0.263s] Level 1:colcon.colcon_core.package_identification:_identify(src/mavros_link_old) by extensions ['ignore', 'ignore_ament_install']
[0.263s] Level 1:colcon.colcon_core.package_identification:_identify(src/mavros_link_old) by extension 'ignore'
[0.263s] Level 1:colcon.colcon_core.package_identification:_identify(src/mavros_link_old) ignored
[0.263s] Level 1:colcon.colcon_core.package_identification:_identify(src/packageInDev) by extensions ['ignore', 'ignore_ament_install']
[0.263s] Level 1:colcon.colcon_core.package_identification:_identify(src/packageInDev) by extension 'ignore'
[0.263s] Level 1:colcon.colcon_core.package_identification:_identify(src/packageInDev) ignored
[0.263s] Level 1:colcon.colcon_core.package_identification:_identify(src/potential_planner) by extensions ['ignore', 'ignore_ament_install']
[0.263s] Level 1:colcon.colcon_core.package_identification:_identify(src/potential_planner) by extension 'ignore'
[0.263s] Level 1:colcon.colcon_core.package_identification:_identify(src/potential_planner) ignored
[0.263s] Level 1:colcon.colcon_core.package_identification:_identify(src/robot_setup_tf) by extensions ['ignore', 'ignore_ament_install']
[0.263s] Level 1:colcon.colcon_core.package_identification:_identify(src/robot_setup_tf) by extension 'ignore'
[0.263s] Level 1:colcon.colcon_core.package_identification:_identify(src/robot_setup_tf) ignored
[0.263s] Level 1:colcon.colcon_core.package_identification:_identify(src/unstable_planner) by extensions ['ignore', 'ignore_ament_install']
[0.263s] Level 1:colcon.colcon_core.package_identification:_identify(src/unstable_planner) by extension 'ignore'
[0.264s] Level 1:colcon.colcon_core.package_identification:_identify(src/unstable_planner) ignored
[0.264s] Level 1:colcon.colcon_core.package_discovery:discover_packages(recursive) using defaults
[0.264s] Level 1:colcon.colcon_core.package_discovery:discover_packages(ignore) discover
[0.264s] Level 1:colcon.colcon_core.package_discovery:discover_packages(ignore) using defaults
[0.264s] Level 1:colcon.colcon_core.package_discovery:discover_packages(path) discover
[0.264s] Level 1:colcon.colcon_core.package_discovery:discover_packages(path) using defaults
[0.276s] Level 1:colcon.colcon_core.package_discovery:discover_packages(prefix_path) check parameters
[0.276s] Level 1:colcon.colcon_core.package_discovery:discover_packages(prefix_path) discover
[0.278s] DEBUG:colcon.colcon_installed_package_information.package_discovery:Found 4 installed packages in /home/leekai/drone_dev/install
[0.279s] DEBUG:colcon.colcon_installed_package_information.package_discovery:Found 261 installed packages in /opt/ros/foxy
[0.280s] Level 1:colcon.colcon_core.package_discovery:discover_packages(prefix_path) using defaults
[0.334s] Level 5:colcon.colcon_core.verb:set package 'mavros_link' build argument 'cmake_args' from command line to 'None'
[0.334s] Level 5:colcon.colcon_core.verb:set package 'mavros_link' build argument 'cmake_target' from command line to 'None'
[0.334s] Level 5:colcon.colcon_core.verb:set package 'mavros_link' build argument 'cmake_target_skip_unavailable' from command line to 'False'
[0.334s] Level 5:colcon.colcon_core.verb:set package 'mavros_link' build argument 'cmake_clean_cache' from command line to 'False'
[0.334s] Level 5:colcon.colcon_core.verb:set package 'mavros_link' build argument 'cmake_clean_first' from command line to 'False'
[0.334s] Level 5:colcon.colcon_core.verb:set package 'mavros_link' build argument 'cmake_force_configure' from command line to 'False'
[0.334s] Level 5:colcon.colcon_core.verb:set package 'mavros_link' build argument 'ament_cmake_args' from command line to 'None'
[0.334s] Level 5:colcon.colcon_core.verb:set package 'mavros_link' build argument 'catkin_cmake_args' from command line to 'None'
[0.334s] Level 5:colcon.colcon_core.verb:set package 'mavros_link' build argument 'catkin_skip_building_tests' from command line to 'False'
[0.334s] DEBUG:colcon.colcon_core.verb:Building package 'mavros_link' with the following arguments: {'ament_cmake_args': None, 'build_base': '/home/leekai/drone_ws/build/mavros_link', 'catkin_cmake_args': None, 'catkin_skip_building_tests': False, 'cmake_args': None, 'cmake_clean_cache': False, 'cmake_clean_first': False, 'cmake_force_configure': False, 'cmake_target': None, 'cmake_target_skip_unavailable': False, 'install_base': '/home/leekai/drone_ws/install/mavros_link', 'merge_install': False, 'path': '/home/leekai/drone_ws/src/mavros_link', 'symlink_install': False, 'test_result_base': None}
[0.334s] INFO:colcon.colcon_core.executor:Executing jobs using 'parallel' executor
[0.335s] DEBUG:colcon.colcon_parallel_executor.executor.parallel:run_until_complete
[0.336s] INFO:colcon.colcon_core.task.python.build:Building Python package in '/home/leekai/drone_ws/src/mavros_link'
[0.338s] INFO:colcon.colcon_core.plugin_system:Skipping extension 'colcon_core.shell.bat': Not used on non-Windows systems
[0.338s] INFO:colcon.colcon_core.shell:Skip shell extension 'powershell' for command environment: Not usable outside of PowerShell
[0.338s] DEBUG:colcon.colcon_core.shell:Skip shell extension 'dsv' for command environment
[0.741s] DEBUG:colcon.colcon_core.event_handler.log_command:Invoking command in '/home/leekai/drone_ws/src/mavros_link': PYTHONPATH=/home/leekai/drone_ws/install/mavros_link/lib/python3.8/site-packages:${PYTHONPATH} /usr/bin/python3 setup.py egg_info --egg-base ../../build/mavros_link build --build-base /home/leekai/drone_ws/build/mavros_link/build install --prefix /home/leekai/drone_ws/install/mavros_link --record /home/leekai/drone_ws/build/mavros_link/install.log --single-version-externally-managed
[0.941s] DEBUG:colcon.colcon_core.event_handler.log_command:Invoked command in '/home/leekai/drone_ws/src/mavros_link' returned '0': PYTHONPATH=/home/leekai/drone_ws/install/mavros_link/lib/python3.8/site-packages:${PYTHONPATH} /usr/bin/python3 setup.py egg_info --egg-base ../../build/mavros_link build --build-base /home/leekai/drone_ws/build/mavros_link/build install --prefix /home/leekai/drone_ws/install/mavros_link --record /home/leekai/drone_ws/build/mavros_link/install.log --single-version-externally-managed
[0.944s] Level 1:colcon.colcon_core.environment:checking '/home/leekai/drone_ws/install/mavros_link' for CMake module files
[0.944s] Level 1:colcon.colcon_core.environment:checking '/home/leekai/drone_ws/install/mavros_link' for CMake config files
[0.944s] Level 1:colcon.colcon_core.environment:checking '/home/leekai/drone_ws/install/mavros_link/lib'
[0.944s] Level 1:colcon.colcon_core.environment:checking '/home/leekai/drone_ws/install/mavros_link/bin'
[0.944s] Level 1:colcon.colcon_core.environment:checking '/home/leekai/drone_ws/install/mavros_link/lib/pkgconfig/mavros_link.pc'
[0.945s] Level 1:colcon.colcon_core.environment:checking '/home/leekai/drone_ws/install/mavros_link/lib/python3.8/site-packages'
[0.945s] Level 1:colcon.colcon_core.shell:create_environment_hook('mavros_link', 'pythonpath')
[0.945s] INFO:colcon.colcon_core.shell:Creating environment hook '/home/leekai/drone_ws/install/mavros_link/share/mavros_link/hook/pythonpath.ps1'
[0.945s] INFO:colcon.colcon_core.shell:Creating environment descriptor '/home/leekai/drone_ws/install/mavros_link/share/mavros_link/hook/pythonpath.dsv'
[0.946s] INFO:colcon.colcon_core.shell:Creating environment hook '/home/leekai/drone_ws/install/mavros_link/share/mavros_link/hook/pythonpath.sh'
[0.946s] Level 1:colcon.colcon_core.environment:create_environment_scripts_only(mavros_link)
[0.946s] INFO:colcon.colcon_core.shell:Creating package script '/home/leekai/drone_ws/install/mavros_link/share/mavros_link/package.ps1'
[0.947s] INFO:colcon.colcon_core.shell:Creating package descriptor '/home/leekai/drone_ws/install/mavros_link/share/mavros_link/package.dsv'
[0.947s] INFO:colcon.colcon_core.shell:Creating package script '/home/leekai/drone_ws/install/mavros_link/share/mavros_link/package.sh'
[0.948s] INFO:colcon.colcon_core.shell:Creating package script '/home/leekai/drone_ws/install/mavros_link/share/mavros_link/package.bash'
[0.948s] INFO:colcon.colcon_core.shell:Creating package script '/home/leekai/drone_ws/install/mavros_link/share/mavros_link/package.zsh'
[0.948s] Level 1:colcon.colcon_core.environment:create_file_with_runtime_dependencies(/home/leekai/drone_ws/install/mavros_link/share/colcon-core/packages/mavros_link)
[0.949s] DEBUG:colcon.colcon_parallel_executor.executor.parallel:closing loop
[0.949s] DEBUG:colcon.colcon_parallel_executor.executor.parallel:loop closed
[0.949s] DEBUG:colcon.colcon_parallel_executor.executor.parallel:run_until_complete finished with '0'
[0.949s] DEBUG:colcon.colcon_core.event_reactor:joining thread
[0.953s] INFO:colcon.colcon_core.plugin_system:Skipping extension 'colcon_notification.desktop_notification.terminal_notifier': Not used on non-Darwin systems
[0.953s] INFO:colcon.colcon_core.plugin_system:Skipping extension 'colcon_notification.desktop_notification.win32': Not used on non-Windows systems
[0.953s] INFO:colcon.colcon_notification.desktop_notification:Sending desktop notification using 'notify2'
[0.963s] DEBUG:colcon.colcon_core.event_reactor:joined thread
[0.963s] INFO:colcon.colcon_core.shell:Creating prefix script '/home/leekai/drone_ws/install/local_setup.ps1'
[0.964s] INFO:colcon.colcon_core.shell:Creating prefix util module '/home/leekai/drone_ws/install/_local_setup_util_ps1.py'
[0.965s] INFO:colcon.colcon_core.shell:Creating prefix chain script '/home/leekai/drone_ws/install/setup.ps1'
[0.966s] INFO:colcon.colcon_core.shell:Creating prefix script '/home/leekai/drone_ws/install/local_setup.sh'
[0.966s] INFO:colcon.colcon_core.shell:Creating prefix util module '/home/leekai/drone_ws/install/_local_setup_util_sh.py'
[0.966s] INFO:colcon.colcon_core.shell:Creating prefix chain script '/home/leekai/drone_ws/install/setup.sh'
[0.967s] INFO:colcon.colcon_core.shell:Creating prefix script '/home/leekai/drone_ws/install/local_setup.bash'
[0.967s] INFO:colcon.colcon_core.shell:Creating prefix chain script '/home/leekai/drone_ws/install/setup.bash'
[0.968s] INFO:colcon.colcon_core.shell:Creating prefix script '/home/leekai/drone_ws/install/local_setup.zsh'
[0.968s] INFO:colcon.colcon_core.shell:Creating prefix chain script '/home/leekai/drone_ws/install/setup.zsh'
