running egg_info
creating ../../build/mavros_link/mavros_link.egg-info
writing ../../build/mavros_link/mavros_link.egg-info/PKG-INFO
writing dependency_links to ../../build/mavros_link/mavros_link.egg-info/dependency_links.txt
writing entry points to ../../build/mavros_link/mavros_link.egg-info/entry_points.txt
writing requirements to ../../build/mavros_link/mavros_link.egg-info/requires.txt
writing top-level names to ../../build/mavros_link/mavros_link.egg-info/top_level.txt
writing manifest file '../../build/mavros_link/mavros_link.egg-info/SOURCES.txt'
reading manifest file '../../build/mavros_link/mavros_link.egg-info/SOURCES.txt'
writing manifest file '../../build/mavros_link/mavros_link.egg-info/SOURCES.txt'
running build
running build_py
creating /home/leekai/drone_ws/build/mavros_link/build
creating /home/leekai/drone_ws/build/mavros_link/build/lib
creating /home/leekai/drone_ws/build/mavros_link/build/lib/mavros_link
copying mavros_link/__init__.py -> /home/leekai/drone_ws/build/mavros_link/build/lib/mavros_link
running install
running install_lib
creating /home/leekai/drone_ws/install/mavros_link/lib/python3.8/site-packages/mavros_link
copying /home/leekai/drone_ws/build/mavros_link/build/lib/mavros_link/__init__.py -> /home/leekai/drone_ws/install/mavros_link/lib/python3.8/site-packages/mavros_link
byte-compiling /home/leekai/drone_ws/install/mavros_link/lib/python3.8/site-packages/mavros_link/__init__.py to __init__.cpython-38.pyc
running install_data
creating /home/leekai/drone_ws/install/mavros_link/share
creating /home/leekai/drone_ws/install/mavros_link/share/ament_index
creating /home/leekai/drone_ws/install/mavros_link/share/ament_index/resource_index
creating /home/leekai/drone_ws/install/mavros_link/share/ament_index/resource_index/packages
error: can't copy 'resource/mavros_link': doesn't exist or not a regular file
