[0.432s] Invoking command in '/home/leekai/drone_ws/src/mavros_link': PYTHONPATH=/home/leekai/drone_ws/install/mavros_link/lib/python3.8/site-packages:${PYTHONPATH} /usr/bin/python3 setup.py egg_info --egg-base ../../build/mavros_link build --build-base /home/leekai/drone_ws/build/mavros_link/build install --prefix /home/leekai/drone_ws/install/mavros_link --record /home/leekai/drone_ws/build/mavros_link/install.log --single-version-externally-managed
[0.577s] running egg_info
[0.577s] creating ../../build/mavros_link/mavros_link.egg-info
[0.577s] writing ../../build/mavros_link/mavros_link.egg-info/PKG-INFO
[0.578s] writing dependency_links to ../../build/mavros_link/mavros_link.egg-info/dependency_links.txt
[0.578s] writing entry points to ../../build/mavros_link/mavros_link.egg-info/entry_points.txt
[0.578s] writing requirements to ../../build/mavros_link/mavros_link.egg-info/requires.txt
[0.578s] writing top-level names to ../../build/mavros_link/mavros_link.egg-info/top_level.txt
[0.579s] writing manifest file '../../build/mavros_link/mavros_link.egg-info/SOURCES.txt'
[0.602s] reading manifest file '../../build/mavros_link/mavros_link.egg-info/SOURCES.txt'
[0.603s] writing manifest file '../../build/mavros_link/mavros_link.egg-info/SOURCES.txt'
[0.603s] running build
[0.603s] running build_py
[0.603s] creating /home/leekai/drone_ws/build/mavros_link/build
[0.603s] creating /home/leekai/drone_ws/build/mavros_link/build/lib
[0.603s] creating /home/leekai/drone_ws/build/mavros_link/build/lib/mavros_link
[0.603s] copying mavros_link/__init__.py -> /home/leekai/drone_ws/build/mavros_link/build/lib/mavros_link
[0.603s] running install
[0.603s] running install_lib
[0.604s] creating /home/leekai/drone_ws/install/mavros_link/lib/python3.8/site-packages/mavros_link
[0.604s] copying /home/leekai/drone_ws/build/mavros_link/build/lib/mavros_link/__init__.py -> /home/leekai/drone_ws/install/mavros_link/lib/python3.8/site-packages/mavros_link
[0.604s] byte-compiling /home/leekai/drone_ws/install/mavros_link/lib/python3.8/site-packages/mavros_link/__init__.py to __init__.cpython-38.pyc
[0.605s] running install_data
[0.606s] creating /home/leekai/drone_ws/install/mavros_link/share
[0.606s] creating /home/leekai/drone_ws/install/mavros_link/share/ament_index
[0.606s] creating /home/leekai/drone_ws/install/mavros_link/share/ament_index/resource_index
[0.606s] creating /home/leekai/drone_ws/install/mavros_link/share/ament_index/resource_index/packages
[0.606s] error: can't copy 'resource/mavros_link': doesn't exist or not a regular file
[0.616s] Invoked command in '/home/leekai/drone_ws/src/mavros_link' returned '1': PYTHONPATH=/home/leekai/drone_ws/install/mavros_link/lib/python3.8/site-packages:${PYTHONPATH} /usr/bin/python3 setup.py egg_info --egg-base ../../build/mavros_link build --build-base /home/leekai/drone_ws/build/mavros_link/build install --prefix /home/leekai/drone_ws/install/mavros_link --record /home/leekai/drone_ws/build/mavros_link/install.log --single-version-externally-managed
