[35m[1mScanning dependencies of target _drone_msgs_generate_messages_check_deps_Diagnostics[0m
[35m[1mScanning dependencies of target _drone_msgs_generate_messages_check_deps_Strike[0m
[35m[1mScanning dependencies of target _drone_msgs_generate_messages_check_deps_DronePose[0m
[35m[1mScanning dependencies of target _drone_msgs_generate_messages_check_deps_WindowPointDir[0m
[35m[1mScanning dependencies of target _drone_msgs_generate_messages_check_deps_Goal[0m
[35m[1mScanning dependencies of target nav_msgs_generate_messages_lisp[0m
[35m[1mScanning dependencies of target _drone_msgs_generate_messages_check_deps_DroneInfo[0m
[35m[1mScanning dependencies of target _drone_msgs_generate_messages_check_deps_RoomParams[0m
[  0%] Built target nav_msgs_generate_messages_lisp
[35m[1mScanning dependencies of target _drone_msgs_generate_messages_check_deps_LocalPlannerState[0m
[  0%] Built target _drone_msgs_generate_messages_check_deps_RoomParams
[  0%] Built target _drone_msgs_generate_messages_check_deps_WindowPointDir
[  0%] Built target _drone_msgs_generate_messages_check_deps_Goal
[  0%] Built target _drone_msgs_generate_messages_check_deps_LocalPlannerState
[  0%] Built target _drone_msgs_generate_messages_check_deps_Diagnostics
[  0%] Built target _drone_msgs_generate_messages_check_deps_Strike
[  0%] Built target _drone_msgs_generate_messages_check_deps_DroneInfo
[  0%] Built target _drone_msgs_generate_messages_check_deps_DronePose
[35m[1mScanning dependencies of target geometry_msgs_generate_messages_lisp[0m
[35m[1mScanning dependencies of target sensor_msgs_generate_messages_lisp[0m
[35m[1mScanning dependencies of target nav_msgs_generate_messages_nodejs[0m
[35m[1mScanning dependencies of target sensor_msgs_generate_messages_nodejs[0m
[35m[1mScanning dependencies of target _drone_msgs_generate_messages_check_deps_DroneInfoArray[0m
[35m[1mScanning dependencies of target _drone_msgs_generate_messages_check_deps_WindowAngleDir[0m
[35m[1mScanning dependencies of target std_msgs_generate_messages_lisp[0m
[35m[1mScanning dependencies of target geometry_msgs_generate_messages_nodejs[0m
[  0%] Built target geometry_msgs_generate_messages_lisp
[  0%] Built target sensor_msgs_generate_messages_lisp
[  0%] Built target sensor_msgs_generate_messages_nodejs
[  0%] Built target nav_msgs_generate_messages_nodejs
[  0%] Built target std_msgs_generate_messages_lisp
[  0%] Built target geometry_msgs_generate_messages_nodejs
[35m[1mScanning dependencies of target std_msgs_generate_messages_nodejs[0m
[35m[1mScanning dependencies of target std_msgs_generate_messages_cpp[0m
[35m[1mScanning dependencies of target sensor_msgs_generate_messages_cpp[0m
[35m[1mScanning dependencies of target geometry_msgs_generate_messages_cpp[0m
[35m[1mScanning dependencies of target nav_msgs_generate_messages_cpp[0m
[35m[1mScanning dependencies of target sensor_msgs_generate_messages_eus[0m
[  0%] Built target std_msgs_generate_messages_nodejs
[  0%] Built target std_msgs_generate_messages_cpp
[  0%] Built target geometry_msgs_generate_messages_cpp
[  0%] Built target sensor_msgs_generate_messages_cpp
[  0%] Built target _drone_msgs_generate_messages_check_deps_WindowAngleDir
[  0%] Built target nav_msgs_generate_messages_cpp
[  0%] Built target _drone_msgs_generate_messages_check_deps_DroneInfoArray
[  0%] Built target sensor_msgs_generate_messages_eus
[35m[1mScanning dependencies of target nav_msgs_generate_messages_eus[0m
[35m[1mScanning dependencies of target geometry_msgs_generate_messages_eus[0m
[35m[1mScanning dependencies of target std_msgs_generate_messages_eus[0m
[35m[1mScanning dependencies of target nav_msgs_generate_messages_py[0m
[35m[1mScanning dependencies of target sensor_msgs_generate_messages_py[0m
[35m[1mScanning dependencies of target std_msgs_generate_messages_py[0m
[35m[1mScanning dependencies of target drone_msgs_generate_messages_lisp[0m
[35m[1mScanning dependencies of target geometry_msgs_generate_messages_py[0m
[  0%] Built target nav_msgs_generate_messages_eus
[  0%] Built target std_msgs_generate_messages_eus
[  0%] Built target geometry_msgs_generate_messages_eus
[  0%] Built target nav_msgs_generate_messages_py
[  0%] Built target std_msgs_generate_messages_py
[  0%] Built target sensor_msgs_generate_messages_py
[  1%] [34m[1mGenerating Lisp code from drone_msgs/DroneInfo.msg[0m
[  3%] [34m[1mGenerating Lisp code from drone_msgs/DronePose.msg[0m
[  3%] Built target geometry_msgs_generate_messages_py
[35m[1mScanning dependencies of target drone_msgs_generate_messages_nodejs[0m
[  5%] [34m[1mGenerating Lisp code from drone_msgs/Diagnostics.msg[0m
[  9%] [34m[1mGenerating Lisp code from drone_msgs/WindowAngleDir.msg[0m
[  9%] [34m[1mGenerating Lisp code from drone_msgs/LocalPlannerState.msg[0m
[35m[1mScanning dependencies of target drone_msgs_generate_messages_cpp[0m
[ 11%] [34m[1mGenerating Lisp code from drone_msgs/WindowPointDir.msg[0m
[ 13%] [34m[1mGenerating Javascript code from drone_msgs/DroneInfo.msg[0m
[ 15%] [34m[1mGenerating C++ code from drone_msgs/DroneInfo.msg[0m
[ 17%] [34m[1mGenerating Javascript code from drone_msgs/DronePose.msg[0m
[ 19%] [34m[1mGenerating C++ code from drone_msgs/DronePose.msg[0m
[ 21%] [34m[1mGenerating Javascript code from drone_msgs/Diagnostics.msg[0m
[ 25%] [34m[1mGenerating C++ code from drone_msgs/Diagnostics.msg[0m
[ 25%] [34m[1mGenerating C++ code from drone_msgs/WindowAngleDir.msg[0m
[ 26%] [34m[1mGenerating C++ code from drone_msgs/LocalPlannerState.msg[0m
[ 28%] [34m[1mGenerating Lisp code from drone_msgs/RoomParams.msg[0m
[ 30%] [34m[1mGenerating Javascript code from drone_msgs/WindowAngleDir.msg[0m
[ 32%] [34m[1mGenerating Lisp code from drone_msgs/Goal.msg[0m
[ 34%] [34m[1mGenerating Lisp code from drone_msgs/DroneInfoArray.msg[0m
[ 36%] [34m[1mGenerating C++ code from drone_msgs/WindowPointDir.msg[0m
[ 40%] [34m[1mGenerating Lisp code from drone_msgs/Strike.msg[0m
[ 40%] [34m[1mGenerating Javascript code from drone_msgs/WindowPointDir.msg[0m
[ 42%] [34m[1mGenerating Javascript code from drone_msgs/LocalPlannerState.msg[0m
[ 44%] [34m[1mGenerating Javascript code from drone_msgs/RoomParams.msg[0m
[35m[1mScanning dependencies of target drone_msgs_generate_messages_eus[0m
[ 46%] [34m[1mGenerating EusLisp code from drone_msgs/DroneInfo.msg[0m
[ 48%] [34m[1mGenerating C++ code from drone_msgs/RoomParams.msg[0m
[ 51%] [34m[1mGenerating EusLisp code from drone_msgs/DronePose.msg[0m
[ 51%] [34m[1mGenerating Javascript code from drone_msgs/Goal.msg[0m
[ 53%] [34m[1mGenerating C++ code from drone_msgs/Goal.msg[0m
[35m[1mScanning dependencies of target drone_msgs_generate_messages_py[0m
[ 55%] [34m[1mGenerating C++ code from drone_msgs/DroneInfoArray.msg[0m
[ 57%] [34m[1mGenerating Python from MSG drone_msgs/DroneInfo[0m
[ 61%] [34m[1mGenerating Python from MSG drone_msgs/DronePose[0m
[ 61%] [34m[1mGenerating EusLisp code from drone_msgs/Diagnostics.msg[0m
[ 63%] [34m[1mGenerating Python from MSG drone_msgs/Diagnostics[0m
[ 63%] Built target drone_msgs_generate_messages_lisp
[ 67%] [34m[1mGenerating Javascript code from drone_msgs/DroneInfoArray.msg[0m
[ 67%] [34m[1mGenerating Python from MSG drone_msgs/WindowAngleDir[0m
[ 69%] [34m[1mGenerating Javascript code from drone_msgs/Strike.msg[0m
[ 71%] [34m[1mGenerating EusLisp code from drone_msgs/WindowAngleDir.msg[0m
[ 73%] [34m[1mGenerating C++ code from drone_msgs/Strike.msg[0m
[ 75%] [34m[1mGenerating EusLisp code from drone_msgs/LocalPlannerState.msg[0m
[ 76%] [34m[1mGenerating EusLisp code from drone_msgs/WindowPointDir.msg[0m
[ 78%] [34m[1mGenerating EusLisp code from drone_msgs/RoomParams.msg[0m
[ 78%] Built target drone_msgs_generate_messages_nodejs
[ 80%] [34m[1mGenerating EusLisp code from drone_msgs/Goal.msg[0m
[ 82%] [34m[1mGenerating EusLisp code from drone_msgs/DroneInfoArray.msg[0m
[ 84%] [34m[1mGenerating EusLisp code from drone_msgs/Strike.msg[0m
[ 86%] [34m[1mGenerating Python from MSG drone_msgs/LocalPlannerState[0m
[ 88%] [34m[1mGenerating Python from MSG drone_msgs/WindowPointDir[0m
[ 90%] [34m[1mGenerating Python from MSG drone_msgs/RoomParams[0m
[ 92%] [34m[1mGenerating Python from MSG drone_msgs/Goal[0m
[ 94%] [34m[1mGenerating Python from MSG drone_msgs/DroneInfoArray[0m
[ 96%] [34m[1mGenerating Python from MSG drone_msgs/Strike[0m
[ 98%] [34m[1mGenerating EusLisp manifest code for drone_msgs[0m
[ 98%] Built target drone_msgs_generate_messages_cpp
[100%] [34m[1mGenerating Python msg __init__.py for drone_msgs[0m
[100%] Built target drone_msgs_generate_messages_py
[100%] Built target drone_msgs_generate_messages_eus
[35m[1mScanning dependencies of target drone_msgs_generate_messages[0m
[100%] Built target drone_msgs_generate_messages
