Linked: (/home/leekai/drone_ws/devel/.private/drone_msgs/share/common-lisp/ros/drone_msgs/msg/_package_Strike.lisp, /home/leekai/drone_ws/devel/share/common-lisp/ros/drone_msgs/msg/_package_Strike.lisp)
Linked: (/home/leekai/drone_ws/devel/.private/drone_msgs/share/common-lisp/ros/drone_msgs/msg/Diagnostics.lisp, /home/leekai/drone_ws/devel/share/common-lisp/ros/drone_msgs/msg/Diagnostics.lisp)
Linked: (/home/leekai/drone_ws/devel/.private/drone_msgs/share/common-lisp/ros/drone_msgs/msg/drone_msgs-msg.asd, /home/leekai/drone_ws/devel/share/common-lisp/ros/drone_msgs/msg/drone_msgs-msg.asd)
Linked: (/home/leekai/drone_ws/devel/.private/drone_msgs/share/common-lisp/ros/drone_msgs/msg/_package_WindowPointDir.lisp, /home/leekai/drone_ws/devel/share/common-lisp/ros/drone_msgs/msg/_package_WindowPointDir.lisp)
Linked: (/home/leekai/drone_ws/devel/.private/drone_msgs/share/common-lisp/ros/drone_msgs/msg/_package_LocalPlannerState.lisp, /home/leekai/drone_ws/devel/share/common-lisp/ros/drone_msgs/msg/_package_LocalPlannerState.lisp)
Linked: (/home/leekai/drone_ws/devel/.private/drone_msgs/share/common-lisp/ros/drone_msgs/msg/_package_DronePose.lisp, /home/leekai/drone_ws/devel/share/common-lisp/ros/drone_msgs/msg/_package_DronePose.lisp)
Linked: (/home/leekai/drone_ws/devel/.private/drone_msgs/share/common-lisp/ros/drone_msgs/msg/_package_DroneInfo.lisp, /home/leekai/drone_ws/devel/share/common-lisp/ros/drone_msgs/msg/_package_DroneInfo.lisp)
Linked: (/home/leekai/drone_ws/devel/.private/drone_msgs/share/common-lisp/ros/drone_msgs/msg/WindowAngleDir.lisp, /home/leekai/drone_ws/devel/share/common-lisp/ros/drone_msgs/msg/WindowAngleDir.lisp)
Linked: (/home/leekai/drone_ws/devel/.private/drone_msgs/share/common-lisp/ros/drone_msgs/msg/DronePose.lisp, /home/leekai/drone_ws/devel/share/common-lisp/ros/drone_msgs/msg/DronePose.lisp)
Linked: (/home/leekai/drone_ws/devel/.private/drone_msgs/share/common-lisp/ros/drone_msgs/msg/_package_WindowAngleDir.lisp, /home/leekai/drone_ws/devel/share/common-lisp/ros/drone_msgs/msg/_package_WindowAngleDir.lisp)
Linked: (/home/leekai/drone_ws/devel/.private/drone_msgs/share/common-lisp/ros/drone_msgs/msg/Strike.lisp, /home/leekai/drone_ws/devel/share/common-lisp/ros/drone_msgs/msg/Strike.lisp)
Linked: (/home/leekai/drone_ws/devel/.private/drone_msgs/share/common-lisp/ros/drone_msgs/msg/_package_RoomParams.lisp, /home/leekai/drone_ws/devel/share/common-lisp/ros/drone_msgs/msg/_package_RoomParams.lisp)
Linked: (/home/leekai/drone_ws/devel/.private/drone_msgs/share/common-lisp/ros/drone_msgs/msg/RoomParams.lisp, /home/leekai/drone_ws/devel/share/common-lisp/ros/drone_msgs/msg/RoomParams.lisp)
Linked: (/home/leekai/drone_ws/devel/.private/drone_msgs/share/common-lisp/ros/drone_msgs/msg/_package_DroneInfoArray.lisp, /home/leekai/drone_ws/devel/share/common-lisp/ros/drone_msgs/msg/_package_DroneInfoArray.lisp)
Linked: (/home/leekai/drone_ws/devel/.private/drone_msgs/share/common-lisp/ros/drone_msgs/msg/LocalPlannerState.lisp, /home/leekai/drone_ws/devel/share/common-lisp/ros/drone_msgs/msg/LocalPlannerState.lisp)
Linked: (/home/leekai/drone_ws/devel/.private/drone_msgs/share/common-lisp/ros/drone_msgs/msg/Goal.lisp, /home/leekai/drone_ws/devel/share/common-lisp/ros/drone_msgs/msg/Goal.lisp)
Linked: (/home/leekai/drone_ws/devel/.private/drone_msgs/share/common-lisp/ros/drone_msgs/msg/_package_Diagnostics.lisp, /home/leekai/drone_ws/devel/share/common-lisp/ros/drone_msgs/msg/_package_Diagnostics.lisp)
Linked: (/home/leekai/drone_ws/devel/.private/drone_msgs/share/common-lisp/ros/drone_msgs/msg/DroneInfo.lisp, /home/leekai/drone_ws/devel/share/common-lisp/ros/drone_msgs/msg/DroneInfo.lisp)
Linked: (/home/leekai/drone_ws/devel/.private/drone_msgs/share/common-lisp/ros/drone_msgs/msg/_package_Goal.lisp, /home/leekai/drone_ws/devel/share/common-lisp/ros/drone_msgs/msg/_package_Goal.lisp)
Linked: (/home/leekai/drone_ws/devel/.private/drone_msgs/share/common-lisp/ros/drone_msgs/msg/DroneInfoArray.lisp, /home/leekai/drone_ws/devel/share/common-lisp/ros/drone_msgs/msg/DroneInfoArray.lisp)
Linked: (/home/leekai/drone_ws/devel/.private/drone_msgs/share/common-lisp/ros/drone_msgs/msg/_package.lisp, /home/leekai/drone_ws/devel/share/common-lisp/ros/drone_msgs/msg/_package.lisp)
Linked: (/home/leekai/drone_ws/devel/.private/drone_msgs/share/common-lisp/ros/drone_msgs/msg/WindowPointDir.lisp, /home/leekai/drone_ws/devel/share/common-lisp/ros/drone_msgs/msg/WindowPointDir.lisp)
Linked: (/home/leekai/drone_ws/devel/.private/drone_msgs/share/gennodejs/ros/drone_msgs/_index.js, /home/leekai/drone_ws/devel/share/gennodejs/ros/drone_msgs/_index.js)
Linked: (/home/leekai/drone_ws/devel/.private/drone_msgs/share/gennodejs/ros/drone_msgs/msg/Diagnostics.js, /home/leekai/drone_ws/devel/share/gennodejs/ros/drone_msgs/msg/Diagnostics.js)
Linked: (/home/leekai/drone_ws/devel/.private/drone_msgs/share/gennodejs/ros/drone_msgs/msg/DroneInfo.js, /home/leekai/drone_ws/devel/share/gennodejs/ros/drone_msgs/msg/DroneInfo.js)
Linked: (/home/leekai/drone_ws/devel/.private/drone_msgs/share/gennodejs/ros/drone_msgs/msg/RoomParams.js, /home/leekai/drone_ws/devel/share/gennodejs/ros/drone_msgs/msg/RoomParams.js)
Linked: (/home/leekai/drone_ws/devel/.private/drone_msgs/share/gennodejs/ros/drone_msgs/msg/DronePose.js, /home/leekai/drone_ws/devel/share/gennodejs/ros/drone_msgs/msg/DronePose.js)
Linked: (/home/leekai/drone_ws/devel/.private/drone_msgs/share/gennodejs/ros/drone_msgs/msg/WindowAngleDir.js, /home/leekai/drone_ws/devel/share/gennodejs/ros/drone_msgs/msg/WindowAngleDir.js)
Linked: (/home/leekai/drone_ws/devel/.private/drone_msgs/share/gennodejs/ros/drone_msgs/msg/DroneInfoArray.js, /home/leekai/drone_ws/devel/share/gennodejs/ros/drone_msgs/msg/DroneInfoArray.js)
Linked: (/home/leekai/drone_ws/devel/.private/drone_msgs/share/gennodejs/ros/drone_msgs/msg/Goal.js, /home/leekai/drone_ws/devel/share/gennodejs/ros/drone_msgs/msg/Goal.js)
Linked: (/home/leekai/drone_ws/devel/.private/drone_msgs/share/gennodejs/ros/drone_msgs/msg/_index.js, /home/leekai/drone_ws/devel/share/gennodejs/ros/drone_msgs/msg/_index.js)
Linked: (/home/leekai/drone_ws/devel/.private/drone_msgs/share/gennodejs/ros/drone_msgs/msg/Strike.js, /home/leekai/drone_ws/devel/share/gennodejs/ros/drone_msgs/msg/Strike.js)
Linked: (/home/leekai/drone_ws/devel/.private/drone_msgs/share/gennodejs/ros/drone_msgs/msg/WindowPointDir.js, /home/leekai/drone_ws/devel/share/gennodejs/ros/drone_msgs/msg/WindowPointDir.js)
Linked: (/home/leekai/drone_ws/devel/.private/drone_msgs/share/gennodejs/ros/drone_msgs/msg/LocalPlannerState.js, /home/leekai/drone_ws/devel/share/gennodejs/ros/drone_msgs/msg/LocalPlannerState.js)
Linked: (/home/leekai/drone_ws/devel/.private/drone_msgs/share/roseus/ros/drone_msgs/manifest.l, /home/leekai/drone_ws/devel/share/roseus/ros/drone_msgs/manifest.l)
Linked: (/home/leekai/drone_ws/devel/.private/drone_msgs/share/roseus/ros/drone_msgs/msg/DroneInfoArray.l, /home/leekai/drone_ws/devel/share/roseus/ros/drone_msgs/msg/DroneInfoArray.l)
Linked: (/home/leekai/drone_ws/devel/.private/drone_msgs/share/roseus/ros/drone_msgs/msg/DronePose.l, /home/leekai/drone_ws/devel/share/roseus/ros/drone_msgs/msg/DronePose.l)
Linked: (/home/leekai/drone_ws/devel/.private/drone_msgs/share/roseus/ros/drone_msgs/msg/Strike.l, /home/leekai/drone_ws/devel/share/roseus/ros/drone_msgs/msg/Strike.l)
Linked: (/home/leekai/drone_ws/devel/.private/drone_msgs/share/roseus/ros/drone_msgs/msg/WindowPointDir.l, /home/leekai/drone_ws/devel/share/roseus/ros/drone_msgs/msg/WindowPointDir.l)
Linked: (/home/leekai/drone_ws/devel/.private/drone_msgs/share/roseus/ros/drone_msgs/msg/RoomParams.l, /home/leekai/drone_ws/devel/share/roseus/ros/drone_msgs/msg/RoomParams.l)
Linked: (/home/leekai/drone_ws/devel/.private/drone_msgs/share/roseus/ros/drone_msgs/msg/Diagnostics.l, /home/leekai/drone_ws/devel/share/roseus/ros/drone_msgs/msg/Diagnostics.l)
Linked: (/home/leekai/drone_ws/devel/.private/drone_msgs/share/roseus/ros/drone_msgs/msg/Goal.l, /home/leekai/drone_ws/devel/share/roseus/ros/drone_msgs/msg/Goal.l)
Linked: (/home/leekai/drone_ws/devel/.private/drone_msgs/share/roseus/ros/drone_msgs/msg/WindowAngleDir.l, /home/leekai/drone_ws/devel/share/roseus/ros/drone_msgs/msg/WindowAngleDir.l)
Linked: (/home/leekai/drone_ws/devel/.private/drone_msgs/share/roseus/ros/drone_msgs/msg/LocalPlannerState.l, /home/leekai/drone_ws/devel/share/roseus/ros/drone_msgs/msg/LocalPlannerState.l)
Linked: (/home/leekai/drone_ws/devel/.private/drone_msgs/share/roseus/ros/drone_msgs/msg/DroneInfo.l, /home/leekai/drone_ws/devel/share/roseus/ros/drone_msgs/msg/DroneInfo.l)
Linked: (/home/leekai/drone_ws/devel/.private/drone_msgs/share/drone_msgs/cmake/drone_msgsConfig-version.cmake, /home/leekai/drone_ws/devel/share/drone_msgs/cmake/drone_msgsConfig-version.cmake)
Linked: (/home/leekai/drone_ws/devel/.private/drone_msgs/share/drone_msgs/cmake/drone_msgsConfig.cmake, /home/leekai/drone_ws/devel/share/drone_msgs/cmake/drone_msgsConfig.cmake)
Linked: (/home/leekai/drone_ws/devel/.private/drone_msgs/share/drone_msgs/cmake/drone_msgs-msg-extras.cmake, /home/leekai/drone_ws/devel/share/drone_msgs/cmake/drone_msgs-msg-extras.cmake)
Linked: (/home/leekai/drone_ws/devel/.private/drone_msgs/share/drone_msgs/cmake/drone_msgs-msg-paths.cmake, /home/leekai/drone_ws/devel/share/drone_msgs/cmake/drone_msgs-msg-paths.cmake)
Linked: (/home/leekai/drone_ws/devel/.private/drone_msgs/include/drone_msgs/Goal.h, /home/leekai/drone_ws/devel/include/drone_msgs/Goal.h)
Linked: (/home/leekai/drone_ws/devel/.private/drone_msgs/include/drone_msgs/WindowAngleDir.h, /home/leekai/drone_ws/devel/include/drone_msgs/WindowAngleDir.h)
Linked: (/home/leekai/drone_ws/devel/.private/drone_msgs/include/drone_msgs/RoomParams.h, /home/leekai/drone_ws/devel/include/drone_msgs/RoomParams.h)
Linked: (/home/leekai/drone_ws/devel/.private/drone_msgs/include/drone_msgs/Strike.h, /home/leekai/drone_ws/devel/include/drone_msgs/Strike.h)
Linked: (/home/leekai/drone_ws/devel/.private/drone_msgs/include/drone_msgs/DroneInfo.h, /home/leekai/drone_ws/devel/include/drone_msgs/DroneInfo.h)
Linked: (/home/leekai/drone_ws/devel/.private/drone_msgs/include/drone_msgs/Diagnostics.h, /home/leekai/drone_ws/devel/include/drone_msgs/Diagnostics.h)
Linked: (/home/leekai/drone_ws/devel/.private/drone_msgs/include/drone_msgs/DronePose.h, /home/leekai/drone_ws/devel/include/drone_msgs/DronePose.h)
Linked: (/home/leekai/drone_ws/devel/.private/drone_msgs/include/drone_msgs/WindowPointDir.h, /home/leekai/drone_ws/devel/include/drone_msgs/WindowPointDir.h)
Linked: (/home/leekai/drone_ws/devel/.private/drone_msgs/include/drone_msgs/DroneInfoArray.h, /home/leekai/drone_ws/devel/include/drone_msgs/DroneInfoArray.h)
Linked: (/home/leekai/drone_ws/devel/.private/drone_msgs/include/drone_msgs/LocalPlannerState.h, /home/leekai/drone_ws/devel/include/drone_msgs/LocalPlannerState.h)
Linked: (/home/leekai/drone_ws/devel/.private/drone_msgs/lib/python2.7/dist-packages/drone_msgs/__init__.py, /home/leekai/drone_ws/devel/lib/python2.7/dist-packages/drone_msgs/__init__.py)
Linked: (/home/leekai/drone_ws/devel/.private/drone_msgs/lib/python2.7/dist-packages/drone_msgs/msg/_Diagnostics.py, /home/leekai/drone_ws/devel/lib/python2.7/dist-packages/drone_msgs/msg/_Diagnostics.py)
Linked: (/home/leekai/drone_ws/devel/.private/drone_msgs/lib/python2.7/dist-packages/drone_msgs/msg/_WindowPointDir.py, /home/leekai/drone_ws/devel/lib/python2.7/dist-packages/drone_msgs/msg/_WindowPointDir.py)
Linked: (/home/leekai/drone_ws/devel/.private/drone_msgs/lib/python2.7/dist-packages/drone_msgs/msg/__init__.py, /home/leekai/drone_ws/devel/lib/python2.7/dist-packages/drone_msgs/msg/__init__.py)
Linked: (/home/leekai/drone_ws/devel/.private/drone_msgs/lib/python2.7/dist-packages/drone_msgs/msg/_Goal.py, /home/leekai/drone_ws/devel/lib/python2.7/dist-packages/drone_msgs/msg/_Goal.py)
Linked: (/home/leekai/drone_ws/devel/.private/drone_msgs/lib/python2.7/dist-packages/drone_msgs/msg/_DroneInfo.py, /home/leekai/drone_ws/devel/lib/python2.7/dist-packages/drone_msgs/msg/_DroneInfo.py)
Linked: (/home/leekai/drone_ws/devel/.private/drone_msgs/lib/python2.7/dist-packages/drone_msgs/msg/_LocalPlannerState.py, /home/leekai/drone_ws/devel/lib/python2.7/dist-packages/drone_msgs/msg/_LocalPlannerState.py)
Linked: (/home/leekai/drone_ws/devel/.private/drone_msgs/lib/python2.7/dist-packages/drone_msgs/msg/_Strike.py, /home/leekai/drone_ws/devel/lib/python2.7/dist-packages/drone_msgs/msg/_Strike.py)
Linked: (/home/leekai/drone_ws/devel/.private/drone_msgs/lib/python2.7/dist-packages/drone_msgs/msg/_DronePose.py, /home/leekai/drone_ws/devel/lib/python2.7/dist-packages/drone_msgs/msg/_DronePose.py)
Linked: (/home/leekai/drone_ws/devel/.private/drone_msgs/lib/python2.7/dist-packages/drone_msgs/msg/_RoomParams.py, /home/leekai/drone_ws/devel/lib/python2.7/dist-packages/drone_msgs/msg/_RoomParams.py)
Linked: (/home/leekai/drone_ws/devel/.private/drone_msgs/lib/python2.7/dist-packages/drone_msgs/msg/_DroneInfoArray.py, /home/leekai/drone_ws/devel/lib/python2.7/dist-packages/drone_msgs/msg/_DroneInfoArray.py)
Linked: (/home/leekai/drone_ws/devel/.private/drone_msgs/lib/python2.7/dist-packages/drone_msgs/msg/_WindowAngleDir.py, /home/leekai/drone_ws/devel/lib/python2.7/dist-packages/drone_msgs/msg/_WindowAngleDir.py)
Linked: (/home/leekai/drone_ws/devel/.private/drone_msgs/lib/pkgconfig/drone_msgs.pc, /home/leekai/drone_ws/devel/lib/pkgconfig/drone_msgs.pc)
