Symlinking /home/leekai/drone_ws/devel/share/common-lisp/ros/drone_msgs/msg/_package_Strike.lisp
Symlinking /home/leekai/drone_ws/devel/share/common-lisp/ros/drone_msgs/msg/Diagnostics.lisp
Symlinking /home/leekai/drone_ws/devel/share/common-lisp/ros/drone_msgs/msg/drone_msgs-msg.asd
Symlinking /home/leekai/drone_ws/devel/share/common-lisp/ros/drone_msgs/msg/_package_WindowPointDir.lisp
Symlinking /home/leekai/drone_ws/devel/share/common-lisp/ros/drone_msgs/msg/_package_LocalPlannerState.lisp
Symlinking /home/leekai/drone_ws/devel/share/common-lisp/ros/drone_msgs/msg/_package_DronePose.lisp
Symlinking /home/leekai/drone_ws/devel/share/common-lisp/ros/drone_msgs/msg/_package_DroneInfo.lisp
Symlinking /home/leekai/drone_ws/devel/share/common-lisp/ros/drone_msgs/msg/WindowAngleDir.lisp
Symlinking /home/leekai/drone_ws/devel/share/common-lisp/ros/drone_msgs/msg/DronePose.lisp
Symlinking /home/leekai/drone_ws/devel/share/common-lisp/ros/drone_msgs/msg/_package_WindowAngleDir.lisp
Symlinking /home/leekai/drone_ws/devel/share/common-lisp/ros/drone_msgs/msg/Strike.lisp
Symlinking /home/leekai/drone_ws/devel/share/common-lisp/ros/drone_msgs/msg/_package_RoomParams.lisp
Symlinking /home/leekai/drone_ws/devel/share/common-lisp/ros/drone_msgs/msg/RoomParams.lisp
Symlinking /home/leekai/drone_ws/devel/share/common-lisp/ros/drone_msgs/msg/_package_DroneInfoArray.lisp
Symlinking /home/leekai/drone_ws/devel/share/common-lisp/ros/drone_msgs/msg/LocalPlannerState.lisp
Symlinking /home/leekai/drone_ws/devel/share/common-lisp/ros/drone_msgs/msg/Goal.lisp
Symlinking /home/leekai/drone_ws/devel/share/common-lisp/ros/drone_msgs/msg/_package_Diagnostics.lisp
Symlinking /home/leekai/drone_ws/devel/share/common-lisp/ros/drone_msgs/msg/DroneInfo.lisp
Symlinking /home/leekai/drone_ws/devel/share/common-lisp/ros/drone_msgs/msg/_package_Goal.lisp
Symlinking /home/leekai/drone_ws/devel/share/common-lisp/ros/drone_msgs/msg/DroneInfoArray.lisp
Symlinking /home/leekai/drone_ws/devel/share/common-lisp/ros/drone_msgs/msg/_package.lisp
Symlinking /home/leekai/drone_ws/devel/share/common-lisp/ros/drone_msgs/msg/WindowPointDir.lisp
Symlinking /home/leekai/drone_ws/devel/share/gennodejs/ros/drone_msgs/_index.js
Symlinking /home/leekai/drone_ws/devel/share/gennodejs/ros/drone_msgs/msg/Diagnostics.js
Symlinking /home/leekai/drone_ws/devel/share/gennodejs/ros/drone_msgs/msg/DroneInfo.js
Symlinking /home/leekai/drone_ws/devel/share/gennodejs/ros/drone_msgs/msg/RoomParams.js
Symlinking /home/leekai/drone_ws/devel/share/gennodejs/ros/drone_msgs/msg/DronePose.js
Symlinking /home/leekai/drone_ws/devel/share/gennodejs/ros/drone_msgs/msg/WindowAngleDir.js
Symlinking /home/leekai/drone_ws/devel/share/gennodejs/ros/drone_msgs/msg/DroneInfoArray.js
Symlinking /home/leekai/drone_ws/devel/share/gennodejs/ros/drone_msgs/msg/Goal.js
Symlinking /home/leekai/drone_ws/devel/share/gennodejs/ros/drone_msgs/msg/_index.js
Symlinking /home/leekai/drone_ws/devel/share/gennodejs/ros/drone_msgs/msg/Strike.js
Symlinking /home/leekai/drone_ws/devel/share/gennodejs/ros/drone_msgs/msg/WindowPointDir.js
Symlinking /home/leekai/drone_ws/devel/share/gennodejs/ros/drone_msgs/msg/LocalPlannerState.js
Symlinking /home/leekai/drone_ws/devel/share/roseus/ros/drone_msgs/manifest.l
Symlinking /home/leekai/drone_ws/devel/share/roseus/ros/drone_msgs/msg/DroneInfoArray.l
Symlinking /home/leekai/drone_ws/devel/share/roseus/ros/drone_msgs/msg/DronePose.l
Symlinking /home/leekai/drone_ws/devel/share/roseus/ros/drone_msgs/msg/Strike.l
Symlinking /home/leekai/drone_ws/devel/share/roseus/ros/drone_msgs/msg/WindowPointDir.l
Symlinking /home/leekai/drone_ws/devel/share/roseus/ros/drone_msgs/msg/RoomParams.l
Symlinking /home/leekai/drone_ws/devel/share/roseus/ros/drone_msgs/msg/Diagnostics.l
Symlinking /home/leekai/drone_ws/devel/share/roseus/ros/drone_msgs/msg/Goal.l
Symlinking /home/leekai/drone_ws/devel/share/roseus/ros/drone_msgs/msg/WindowAngleDir.l
Symlinking /home/leekai/drone_ws/devel/share/roseus/ros/drone_msgs/msg/LocalPlannerState.l
Symlinking /home/leekai/drone_ws/devel/share/roseus/ros/drone_msgs/msg/DroneInfo.l
Symlinking /home/leekai/drone_ws/devel/share/drone_msgs/cmake/drone_msgsConfig-version.cmake
Symlinking /home/leekai/drone_ws/devel/share/drone_msgs/cmake/drone_msgsConfig.cmake
Symlinking /home/leekai/drone_ws/devel/share/drone_msgs/cmake/drone_msgs-msg-extras.cmake
Symlinking /home/leekai/drone_ws/devel/share/drone_msgs/cmake/drone_msgs-msg-paths.cmake
Symlinking /home/leekai/drone_ws/devel/include/drone_msgs/Goal.h
Symlinking /home/leekai/drone_ws/devel/include/drone_msgs/WindowAngleDir.h
Symlinking /home/leekai/drone_ws/devel/include/drone_msgs/RoomParams.h
Symlinking /home/leekai/drone_ws/devel/include/drone_msgs/Strike.h
Symlinking /home/leekai/drone_ws/devel/include/drone_msgs/DroneInfo.h
Symlinking /home/leekai/drone_ws/devel/include/drone_msgs/Diagnostics.h
Symlinking /home/leekai/drone_ws/devel/include/drone_msgs/DronePose.h
Symlinking /home/leekai/drone_ws/devel/include/drone_msgs/WindowPointDir.h
Symlinking /home/leekai/drone_ws/devel/include/drone_msgs/DroneInfoArray.h
Symlinking /home/leekai/drone_ws/devel/include/drone_msgs/LocalPlannerState.h
Symlinking /home/leekai/drone_ws/devel/lib/python2.7/dist-packages/drone_msgs/__init__.py
Symlinking /home/leekai/drone_ws/devel/lib/python2.7/dist-packages/drone_msgs/msg/_Diagnostics.py
Symlinking /home/leekai/drone_ws/devel/lib/python2.7/dist-packages/drone_msgs/msg/_WindowPointDir.py
Symlinking /home/leekai/drone_ws/devel/lib/python2.7/dist-packages/drone_msgs/msg/__init__.py
Symlinking /home/leekai/drone_ws/devel/lib/python2.7/dist-packages/drone_msgs/msg/_Goal.py
Symlinking /home/leekai/drone_ws/devel/lib/python2.7/dist-packages/drone_msgs/msg/_DroneInfo.py
Symlinking /home/leekai/drone_ws/devel/lib/python2.7/dist-packages/drone_msgs/msg/_LocalPlannerState.py
Symlinking /home/leekai/drone_ws/devel/lib/python2.7/dist-packages/drone_msgs/msg/_Strike.py
Symlinking /home/leekai/drone_ws/devel/lib/python2.7/dist-packages/drone_msgs/msg/_DronePose.py
Symlinking /home/leekai/drone_ws/devel/lib/python2.7/dist-packages/drone_msgs/msg/_RoomParams.py
Symlinking /home/leekai/drone_ws/devel/lib/python2.7/dist-packages/drone_msgs/msg/_DroneInfoArray.py
Symlinking /home/leekai/drone_ws/devel/lib/python2.7/dist-packages/drone_msgs/msg/_WindowAngleDir.py
Symlinking /home/leekai/drone_ws/devel/lib/pkgconfig/drone_msgs.pc
