[  0%] Built target _drone_msgs_generate_messages_check_deps_RoomParams
[  0%] Built target _drone_msgs_generate_messages_check_deps_Goal
[  0%] Built target _drone_msgs_generate_messages_check_deps_WindowPointDir
[  0%] Built target _drone_msgs_generate_messages_check_deps_DroneInfo
[  0%] Built target _drone_msgs_generate_messages_check_deps_Strike
[  0%] Built target _drone_msgs_generate_messages_check_deps_Diagnostics
[  0%] Built target nav_msgs_generate_messages_lisp
[  0%] Built target _drone_msgs_generate_messages_check_deps_DronePose
[  0%] Built target sensor_msgs_generate_messages_lisp
[  0%] Built target std_msgs_generate_messages_lisp
[  0%] Built target geometry_msgs_generate_messages_lisp
[  0%] Built target nav_msgs_generate_messages_nodejs
[  0%] Built target sensor_msgs_generate_messages_nodejs
[  0%] Built target _drone_msgs_generate_messages_check_deps_LocalPlannerState
[  0%] Built target geometry_msgs_generate_messages_nodejs
[  0%] Built target _drone_msgs_generate_messages_check_deps_WindowAngleDir
[  0%] Built target std_msgs_generate_messages_nodejs
[  0%] Built target std_msgs_generate_messages_cpp
[  0%] Built target geometry_msgs_generate_messages_cpp
[  0%] Built target sensor_msgs_generate_messages_cpp
[  0%] Built target _drone_msgs_generate_messages_check_deps_DroneInfoArray
[  0%] Built target nav_msgs_generate_messages_cpp
[  0%] Built target sensor_msgs_generate_messages_eus
[  0%] Built target std_msgs_generate_messages_eus
[  0%] Built target geometry_msgs_generate_messages_eus
[  0%] Built target nav_msgs_generate_messages_eus
[  0%] Built target std_msgs_generate_messages_py
[  0%] Built target sensor_msgs_generate_messages_py
[  0%] Built target nav_msgs_generate_messages_py
[  0%] Built target geometry_msgs_generate_messages_py
[ 19%] Built target drone_msgs_generate_messages_lisp
[ 44%] Built target drone_msgs_generate_messages_cpp
[ 59%] Built target drone_msgs_generate_messages_eus
[ 78%] Built target drone_msgs_generate_messages_nodejs
[100%] Built target drone_msgs_generate_messages_py
[100%] Built target drone_msgs_generate_messages
